<?xml version="1.0" encoding="UTF-8"?>
<testsuite name="ContactsTest" tests="1" skipped="0" failures="0" errors="0" timestamp="2020-06-27T17:28:07" hostname="DIMA-ПК" time="1.071">
  <properties/>
  <testcase name="start" classname="ContactsTest" time="1.071"/>
  <system-out><![CDATA[?[1;31m
Start test 1?[0m

[menu] Enter action (add, list, search, count, exit): > exit
?[1;31m
Start test 2?[0m

[menu] Enter action (add, list, search, count, exit): > count
The Phone Book has 0 records
[menu] Enter action (add, list, search, count, exit): > exit
?[1;31m
Start test 3?[0m

[menu] Enter action (add, list, search, count, exit): > add
Enter the type (person, organization): > person
Enter the firstName: > John
Enter the lastName: > Smith
Enter the birth date: > 
Bad birth date!
Enter the gender (M, F): > 
Bad gender!
Enter the number: > 123 456 789
Contact added

[menu] Enter action (add, list, search, count, exit): > count
The Phone Book has 1 records
[menu] Enter action (add, list, search, count, exit): > exit
?[1;31m
Start test 4?[0m

[menu] Enter action (add, list, search, count, exit): > add
Enter the type (person, organization): > person
Enter the firstName: > John
Enter the lastName: > Smith
Enter the birth date: > 
Bad birth date!
Enter the gender (M, F): > 
Bad gender!
Enter the number: > 123 456 789
Contact added

[menu] Enter action (add, list, search, count, exit): > list
1. John Smith

[list] Enter action ([number], back): 
> 1
Name: John
Surname: Smith
Birth date: [no data]
Gender: [no data]
Number: 123 456 789
Time created: 2020-06-27T21:28
Time last edit: 2020-06-27T21:28

[record] Enter action (edit, delete, menu): > menu

[menu] Enter action (add, list, search, count, exit): > exit
?[1;31m
Start test 5?[0m

[menu] Enter action (add, list, search, count, exit): > add
Enter the type (person, organization): > organization
Enter the organization: > Pizza Shop
Enter the address: > Wall St. 1
Enter the number:> +0 (123) 456-789-9999
Contact added

[menu] Enter action (add, list, search, count, exit): > list
1. Pizza Shop

[list] Enter action ([number], back): 
> 1
Organization name: Pizza Shop
Address: Wall St. 1
Number: +0 (123) 456-789-9999
Time created: 2020-06-27T21:28
Time last edit: 2020-06-27T21:28

[record] Enter action (edit, delete, menu): > menu

[menu] Enter action (add, list, search, count, exit): > exit
?[1;31m
Start test 6?[0m

[menu] Enter action (add, list, search, count, exit): > add
Enter the type (person, organization): > person
Enter the firstName: > John
Enter the lastName: > Smith
Enter the birth date: > 
Bad birth date!
Enter the gender (M, F): > 
Bad gender!
Enter the number: > 123 456 789
Contact added

[menu] Enter action (add, list, search, count, exit): > list
1. John Smith

[list] Enter action ([number], back): 
> 1
Name: John
Surname: Smith
Birth date: [no data]
Gender: [no data]
Number: 123 456 789
Time created: 2020-06-27T21:28
Time last edit: 2020-06-27T21:28

[record] Enter action (edit, delete, menu): > edit
Select a field (name, surname, birth, gender, number)> gender
Enter gender: Enter the gender: > M
The record updated!

[record] Enter action (edit, delete, menu): > menu

[menu] Enter action (add, list, search, count, exit): > list
1. John Smith

[list] Enter action ([number], back): 
> 1
Name: John
Surname: Smith
Birth date: [no data]
Gender: M
Number: 123 456 789
Time created: 2020-06-27T21:28
Time last edit: 2020-06-27T21:28

[record] Enter action (edit, delete, menu): > menu

[menu] Enter action (add, list, search, count, exit): > exit
?[1;31m
Start test 7?[0m

[menu] Enter action (add, list, search, count, exit): > add
Enter the type (person, organization): > organization
Enter the organization: > Pizza Shop
Enter the address: > Wall St. 1
Enter the number:> +0 (123) 456-789-9999
Contact added

[menu] Enter action (add, list, search, count, exit): > list
1. Pizza Shop

[list] Enter action ([number], back): 
> 1
Organization name: Pizza Shop
Address: Wall St. 1
Number: +0 (123) 456-789-9999
Time created: 2020-06-27T21:28
Time last edit: 2020-06-27T21:28

[record] Enter action (edit, delete, menu): > edit
Select a field (name, address, number)> address
Enter address: Enter the address: > Wall St 2
The record updated!

[record] Enter action (edit, delete, menu): > menu

[menu] Enter action (add, list, search, count, exit): > list
1. Pizza Shop

[list] Enter action ([number], back): 
> 1
Organization name: Pizza Shop
Address: Wall St 2
Number: +0 (123) 456-789-9999
Time created: 2020-06-27T21:28
Time last edit: 2020-06-27T21:28

[record] Enter action (edit, delete, menu): > menu

[menu] Enter action (add, list, search, count, exit): > exit
?[1;31m
Start test 8?[0m

[menu] Enter action (add, list, search, count, exit): > add
Enter the type (person, organization): > organization
Enter the organization: > Pizza Shop
Enter the address: > Wall St. 1
Enter the number:> +0 (123) 456-789-9999
Contact added

[menu] Enter action (add, list, search, count, exit): > add
Enter the type (person, organization): > person
Enter the firstName: > John
Enter the lastName: > Smith
Enter the birth date: > 
Bad birth date!
Enter the gender (M, F): > 
Bad gender!
Enter the number: > 123 456 789
Contact added

[menu] Enter action (add, list, search, count, exit): > add
Enter the type (person, organization): > organization
Enter the organization: > PizzaNuts
Enter the address: > Wall St. 6
Enter the number:> +0 (123) 456-789-9999
Contact added

[menu] Enter action (add, list, search, count, exit): > search
Enter search query: > pizz
Found 2 results
1. Pizza Shop
2. PizzaNuts
[search] Enter action ([number], back, again): > 1

[record] Enter action (edit, delete, menu): > menu

[menu] Enter action (add, list, search, count, exit): > exit
?[1;31m
Start test 9?[0m

[menu] Enter action (add, list, search, count, exit): > add
Enter the type (person, organization): > organization
Enter the organization: > Pizza Shop
Enter the address: > Wall St. 1
Enter the number:> +0 (123) 456-789-9999
Contact added

[menu] Enter action (add, list, search, count, exit): > add
Enter the type (person, organization): > person
Enter the firstName: > John
Enter the lastName: > Smith
Enter the birth date: > 
Bad birth date!
Enter the gender (M, F): > 
Bad gender!
Enter the number: > 123 456 789
Contact added

[menu] Enter action (add, list, search, count, exit): > add
Enter the type (person, organization): > organization
Enter the organization: > PizzaNuts
Enter the address: > Wall St. 6
Enter the number:> +0 (123) 456-789-9999
Contact added

[menu] Enter action (add, list, search, count, exit): > search
Enter search query: > s
Found 3 results
1. Pizza Shop
2. John Smith
3. PizzaNuts
[search] Enter action ([number], back, again): > 1

[record] Enter action (edit, delete, menu): > menu

[menu] Enter action (add, list, search, count, exit): > exit
?[1;31m
Start test 10?[0m

[menu] Enter action (add, list, search, count, exit): > add
Enter the type (person, organization): > organization
Enter the organization: > Pizza Shop
Enter the address: > Wall St. 1
Enter the number:> +0 (123) 456-789-9999
Contact added

[menu] Enter action (add, list, search, count, exit): > add
Enter the type (person, organization): > person
Enter the firstName: > John
Enter the lastName: > Smith
Enter the birth date: > 
Bad birth date!
Enter the gender (M, F): > 
Bad gender!
Enter the number: > 123 456 789
Contact added

[menu] Enter action (add, list, search, count, exit): > add
Enter the type (person, organization): > organization
Enter the organization: > PizzaNuts
Enter the address: > Wall St. 6
Enter the number:> +0 (123) 456-781-9999
Contact added

[menu] Enter action (add, list, search, count, exit): > search
Enter search query: > 789
Found 2 results
1. Pizza Shop
2. John Smith
[search] Enter action ([number], back, again): > 1

[record] Enter action (edit, delete, menu): > menu

[menu] Enter action (add, list, search, count, exit): > exit
]]></system-out>
  <system-err><![CDATA[]]></system-err>
</testsuite>
